[debug] [2025-04-06T10:19:16.974Z] ----------------------------------------------------------------------
[debug] [2025-04-06T10:19:16.978Z] Command:       /usr/local/bin/firebase /Users/georgea.e/.cache/firebase/tools/lib/node_modules/firebase-tools/lib/bin/firebase emulators:start --only functions
[debug] [2025-04-06T10:19:16.978Z] CLI Version:   14.0.1
[debug] [2025-04-06T10:19:16.978Z] Platform:      darwin
[debug] [2025-04-06T10:19:16.979Z] Node Version:  v20.18.2
[debug] [2025-04-06T10:19:16.979Z] Time:          Sun Apr 06 2025 11:19:16 GMT+0100 (Irish Standard Time)
[debug] [2025-04-06T10:19:16.979Z] ----------------------------------------------------------------------
[debug] 
[debug] [2025-04-06T10:19:17.251Z] > command requires scopes: ["email","openid","https://www.googleapis.com/auth/cloudplatformprojects.readonly","https://www.googleapis.com/auth/firebase","https://www.googleapis.com/auth/cloud-platform"]
[debug] [2025-04-06T10:19:17.251Z] > authorizing via signed-in user (chukwumageorge78@gmail.com)
[info] i  emulators: Starting emulators: functions {"metadata":{"emulator":{"name":"hub"},"message":"Starting emulators: functions"}}
[debug] [2025-04-06T10:19:18.331Z] [logging] Logging Emulator only supports listening on one address (127.0.0.1). Not listening on ::1
[debug] [2025-04-06T10:19:18.331Z] assigned listening specs for emulators {"user":{"hub":[{"address":"127.0.0.1","family":"IPv4","port":4400},{"address":"::1","family":"IPv6","port":4400}],"ui":[{"address":"127.0.0.1","family":"IPv4","port":4000},{"address":"::1","family":"IPv6","port":4000}],"logging":[{"address":"127.0.0.1","family":"IPv4","port":4500}]},"metadata":{"message":"assigned listening specs for emulators"}}
[debug] [2025-04-06T10:19:18.337Z] [hub] writing locator at /var/folders/bm/kvw7rp0j03g4sdyldy68g73w0000gn/T/hub-l1mitless.json
[debug] [2025-04-06T10:19:19.395Z] [functions] Functions Emulator only supports listening on one address (127.0.0.1). Not listening on ::1
[debug] [2025-04-06T10:19:19.395Z] [eventarc] Eventarc Emulator only supports listening on one address (127.0.0.1). Not listening on ::1
[debug] [2025-04-06T10:19:19.395Z] [tasks] Cloud Tasks Emulator only supports listening on one address (127.0.0.1). Not listening on ::1
[debug] [2025-04-06T10:19:19.395Z] late-assigned ports for functions and eventarc emulators {"user":{"hub":[{"address":"127.0.0.1","family":"IPv4","port":4400},{"address":"::1","family":"IPv6","port":4400}],"ui":[{"address":"127.0.0.1","family":"IPv4","port":4000},{"address":"::1","family":"IPv6","port":4000}],"logging":[{"address":"127.0.0.1","family":"IPv4","port":4500}],"functions":[{"address":"127.0.0.1","family":"IPv4","port":5001}],"eventarc":[{"address":"127.0.0.1","family":"IPv4","port":9299}],"tasks":[{"address":"127.0.0.1","family":"IPv4","port":9499}]},"metadata":{"message":"late-assigned ports for functions and eventarc emulators"}}
[warn] ⚠  functions: The following emulators are not running, calls to these services from the Functions emulator will affect production: apphosting, auth, firestore, database, hosting, pubsub, storage, dataconnect {"metadata":{"emulator":{"name":"functions"},"message":"The following emulators are not running, calls to these services from the Functions emulator will affect production: \u001b[1mapphosting, auth, firestore, database, hosting, pubsub, storage, dataconnect\u001b[22m"}}
[debug] [2025-04-06T10:19:19.404Z] defaultcredentials: writing to file /Users/georgea.e/.config/firebase/chukwumageorge78_gmail_com_application_default_credentials.json
[debug] [2025-04-06T10:19:19.409Z] Setting GAC to /Users/georgea.e/.config/firebase/chukwumageorge78_gmail_com_application_default_credentials.json {"metadata":{"emulator":{"name":"functions"},"message":"Setting GAC to /Users/georgea.e/.config/firebase/chukwumageorge78_gmail_com_application_default_credentials.json"}}
[debug] [2025-04-06T10:19:19.410Z] Checked if tokens are valid: true, expires at: 1743937570480
[debug] [2025-04-06T10:19:19.410Z] Checked if tokens are valid: true, expires at: 1743937570480
[debug] [2025-04-06T10:19:19.412Z] >>> [apiv2][query] GET https://firebase.googleapis.com/v1beta1/projects/l1mitless/adminSdkConfig [none]
[debug] [2025-04-06T10:19:19.887Z] <<< [apiv2][status] GET https://firebase.googleapis.com/v1beta1/projects/l1mitless/adminSdkConfig 200
[debug] [2025-04-06T10:19:19.888Z] <<< [apiv2][body] GET https://firebase.googleapis.com/v1beta1/projects/l1mitless/adminSdkConfig {"projectId":"l1mitless","databaseURL":"https://l1mitless-default-rtdb.firebaseio.com","storageBucket":"l1mitless.firebasestorage.app"}
[info] i  functions: Watching "/Users/georgea.e/Desktop/L1mitless/l1mitlesssite/functions" for Cloud Functions... {"metadata":{"emulator":{"name":"functions"},"message":"Watching \"/Users/georgea.e/Desktop/L1mitless/l1mitlesssite/functions\" for Cloud Functions..."}}
[debug] [2025-04-06T10:19:19.942Z] Validating nodejs source
[debug] [2025-04-06T10:19:19.945Z] checkFunctionsSDKVersion was unable to fetch information from NPM Error: spawnSync npm Unknown system error -8
    at Object.spawnSync (node:internal/child_process:1123:20)
    at Object.spawnSync (node:child_process:877:24)
    at Object.spawnSync (pkg/prelude/bootstrap.js:2092:31)
    at Function.spawnSync [as sync] (/Users/georgea.e/.cache/firebase/tools/lib/node_modules/cross-spawn/index.js:26:23)
    at Object.getLatestSDKVersion (/Users/georgea.e/.cache/firebase/tools/lib/node_modules/firebase-tools/lib/deploy/functions/runtimes/node/versioning.js:54:25)
    at Object.checkFunctionsSDKVersion (/Users/georgea.e/.cache/firebase/tools/lib/node_modules/firebase-tools/lib/deploy/functions/runtimes/node/versioning.js:74:32)
    at Delegate.validate (/Users/georgea.e/.cache/firebase/tools/lib/node_modules/firebase-tools/lib/deploy/functions/runtimes/node/index.js:86:20)
    at FunctionsEmulator.discoverTriggers (/Users/georgea.e/.cache/firebase/tools/lib/node_modules/firebase-tools/lib/emulator/functionsEmulator.js:313:35)
    at async FunctionsEmulator.loadTriggers (/Users/georgea.e/.cache/firebase/tools/lib/node_modules/firebase-tools/lib/emulator/functionsEmulator.js:353:34)
    at async FunctionsEmulator.connect (/Users/georgea.e/.cache/firebase/tools/lib/node_modules/firebase-tools/lib/emulator/functionsEmulator.js:279:13)
[debug] [2025-04-06T10:19:19.946Z] > [functions] package.json contents: {
  "name": "functions",
  "description": "Cloud Functions for Firebase",
  "type": "module",
  "scripts": {
    "serve": "firebase emulators:start --only functions",
    "shell": "firebase functions:shell",
    "start": "npm run shell",
    "deploy": "firebase deploy --only functions",
    "logs": "firebase functions:log",
    "test": "firebase-functions-test"
  },
  "engines": {
    "node": "20"
  },
  "main": "index.js",
  "dependencies": {
    "cors": "^2.8.5",
    "express": "^4.21.2",
    "firebase-admin": "^12.0.0",
    "firebase-functions": "^4.5.0",
    "stripe": "^14.0.0"
  },
  "devDependencies": {
    "firebase-functions-test": "^3.1.0"
  },
  "private": true
}
[debug] [2025-04-06T10:19:19.946Z] Building nodejs source
[debug] [2025-04-06T10:19:19.946Z] Failed to find version of module node: reached end of search path /Users/georgea.e/Desktop/L1mitless/l1mitlesssite/functions/node_modules
[info] ✔  functions: Using node@20 from host. 
[info] i  functions: Loaded environment variables from .env. 
[debug] [2025-04-06T10:19:19.950Z] Could not find functions.yaml. Must use http discovery
[debug] [2025-04-06T10:19:19.959Z] Found firebase-functions binary at '/Users/georgea.e/Desktop/L1mitless/l1mitlesssite/node_modules/.bin/firebase-functions'
[info] Serving at port 8903

[debug] [2025-04-06T10:19:20.908Z] Got response from /__/functions.yaml {"endpoints":{"createCheckoutSession":{"availableMemoryMb":256,"timeoutSeconds":800,"minInstances":null,"maxInstances":3,"ingressSettings":null,"concurrency":null,"serviceAccountEmail":null,"vpc":null,"platform":"gcfv2","region":["europe-west1"],"secretEnvironmentVariables":[{"key":"STRIPE_SECRET"}],"labels":{},"httpsTrigger":{},"entryPoint":"createCheckoutSession"},"getPlans":{"availableMemoryMb":256,"timeoutSeconds":800,"minInstances":null,"maxInstances":3,"ingressSettings":null,"concurrency":null,"serviceAccountEmail":null,"vpc":null,"platform":"gcfv2","region":["europe-west1"],"labels":{},"httpsTrigger":{},"entryPoint":"getPlans"},"health":{"availableMemoryMb":256,"timeoutSeconds":800,"minInstances":null,"maxInstances":3,"ingressSettings":null,"concurrency":null,"serviceAccountEmail":null,"vpc":null,"platform":"gcfv2","region":["europe-west1"],"labels":{},"httpsTrigger":{},"entryPoint":"health"},"stripeWebhook":{"availableMemoryMb":256,"timeoutSeconds":800,"minInstances":null,"maxInstances":3,"ingressSettings":null,"concurrency":null,"serviceAccountEmail":null,"vpc":null,"platform":"gcfv2","region":["europe-west1"],"secretEnvironmentVariables":[{"key":"STRIPE_SECRET"},{"key":"STRIPE_WEBHOOK_SECRET"}],"labels":{},"httpsTrigger":{},"entryPoint":"stripeWebhook"},"uploadPlan":{"availableMemoryMb":256,"timeoutSeconds":540,"minInstances":null,"maxInstances":3,"ingressSettings":null,"concurrency":null,"serviceAccountEmail":null,"vpc":null,"platform":"gcfv2","region":["europe-west1"],"labels":{},"httpsTrigger":{},"entryPoint":"uploadPlan"}},"specVersion":"v1alpha1","requiredAPIs":[],"extensions":{},"params":[{"type":"secret","name":"STRIPE_SECRET"},{"type":"secret","name":"STRIPE_WEBHOOK_SECRET"}]}
[info] ✔  functions: Loaded functions definitions from source: createCheckoutSession, getPlans, health, stripeWebhook, uploadPlan. {"metadata":{"emulator":{"name":"functions"},"message":"Loaded functions definitions from source: createCheckoutSession, getPlans, health, stripeWebhook, uploadPlan."}}
[info] ✔  functions[europe-west1-createCheckoutSession]: http function initialized (http://127.0.0.1:5001/l1mitless/europe-west1/createCheckoutSession). {"metadata":{"emulator":{"name":"functions"},"message":"\u001b[1mhttp\u001b[22m function initialized (http://127.0.0.1:5001/l1mitless/europe-west1/createCheckoutSession)."}}
[info] ✔  functions[europe-west1-getPlans]: http function initialized (http://127.0.0.1:5001/l1mitless/europe-west1/getPlans). {"metadata":{"emulator":{"name":"functions"},"message":"\u001b[1mhttp\u001b[22m function initialized (http://127.0.0.1:5001/l1mitless/europe-west1/getPlans)."}}
[info] ✔  functions[europe-west1-health]: http function initialized (http://127.0.0.1:5001/l1mitless/europe-west1/health). {"metadata":{"emulator":{"name":"functions"},"message":"\u001b[1mhttp\u001b[22m function initialized (http://127.0.0.1:5001/l1mitless/europe-west1/health)."}}
[info] ✔  functions[europe-west1-stripeWebhook]: http function initialized (http://127.0.0.1:5001/l1mitless/europe-west1/stripeWebhook). {"metadata":{"emulator":{"name":"functions"},"message":"\u001b[1mhttp\u001b[22m function initialized (http://127.0.0.1:5001/l1mitless/europe-west1/stripeWebhook)."}}
[info] ✔  functions[europe-west1-uploadPlan]: http function initialized (http://127.0.0.1:5001/l1mitless/europe-west1/uploadPlan). {"metadata":{"emulator":{"name":"functions"},"message":"\u001b[1mhttp\u001b[22m function initialized (http://127.0.0.1:5001/l1mitless/europe-west1/uploadPlan)."}}
[debug] [2025-04-06T10:19:24.967Z] Could not find VSCode notification endpoint: FetchError: request to http://localhost:40001/vscode/notify failed, reason: . If you are not running the Firebase Data Connect VSCode extension, this is expected and not an issue.
[info] 
┌─────────────────────────────────────────────────────────────┐
│ ✔  All emulators ready! It is now safe to connect your app. │
│ i  View Emulator UI at http://127.0.0.1:4000/               │
└─────────────────────────────────────────────────────────────┘

┌───────────┬────────────────┬─────────────────────────────────┐
│ Emulator  │ Host:Port      │ View in Emulator UI             │
├───────────┼────────────────┼─────────────────────────────────┤
│ Functions │ 127.0.0.1:5001 │ http://127.0.0.1:4000/functions │
└───────────┴────────────────┴─────────────────────────────────┘
  Emulator Hub host: 127.0.0.1 port: 4400
  Other reserved ports: 4500

Issues? Report them at https://github.com/firebase/firebase-tools/issues and attach the *-debug.log files.
 
[debug] [2025-04-06T10:19:30.229Z] [work-queue] {"queuedWork":["/l1mitless/europe-west1/createCheckoutSession-2025-04-06T10:19:30.229Z"],"queueLength":1,"runningWork":[],"workRunningCount":0}
[debug] [2025-04-06T10:19:30.230Z] [work-queue] {"queuedWork":[],"queueLength":0,"runningWork":["/l1mitless/europe-west1/createCheckoutSession-2025-04-06T10:19:30.229Z"],"workRunningCount":1}
[debug] [2025-04-06T10:19:30.230Z] Accepted request POST /l1mitless/europe-west1/createCheckoutSession --> europe-west1-createCheckoutSession
[debug] [2025-04-06T10:19:30.233Z] [functions] Runtime ready! Sending request! {"metadata":{"emulator":{"name":"functions"},"message":"[functions] Runtime ready! Sending request!"}}
[debug] [2025-04-06T10:19:30.233Z] [functions] Got req.url=/l1mitless/europe-west1/createCheckoutSession, mapping to path=/ {"metadata":{"emulator":{"name":"functions"},"message":"[functions] Got req.url=/l1mitless/europe-west1/createCheckoutSession, mapping to path=/"}}
[info] i  functions: Loaded environment variables from .env. 
[info] i  functions: Trying to access secret STRIPE_SECRET@latest {"metadata":{"emulator":{"name":"functions"},"message":"Trying to access secret STRIPE_SECRET@latest"}}
[debug] [2025-04-06T10:19:30.237Z] Checked if tokens are valid: true, expires at: 1743937570480
[debug] [2025-04-06T10:19:30.237Z] Checked if tokens are valid: true, expires at: 1743937570480
[debug] [2025-04-06T10:19:30.238Z] >>> [apiv2][query] GET https://secretmanager.googleapis.com/v1/projects/l1mitless/secrets/STRIPE_SECRET/versions/latest:access [none]
[debug] [2025-04-06T10:19:30.361Z] <<< [apiv2][status] GET https://secretmanager.googleapis.com/v1/projects/l1mitless/secrets/STRIPE_SECRET/versions/latest:access 403
[debug] [2025-04-06T10:19:30.362Z] <<< [apiv2][body] GET https://secretmanager.googleapis.com/v1/projects/l1mitless/secrets/STRIPE_SECRET/versions/latest:access {"error":{"code":403,"message":"Secret Manager API has not been used in project l1mitless before or it is disabled. Enable it by visiting https://console.developers.google.com/apis/api/secretmanager.googleapis.com/overview?project=l1mitless then retry. If you enabled this API recently, wait a few minutes for the action to propagate to our systems and retry.","status":"PERMISSION_DENIED","details":[{"@type":"type.googleapis.com/google.rpc.ErrorInfo","reason":"SERVICE_DISABLED","domain":"googleapis.com","metadata":{"service":"secretmanager.googleapis.com","activationUrl":"https://console.developers.google.com/apis/api/secretmanager.googleapis.com/overview?project=l1mitless","serviceTitle":"Secret Manager API","containerInfo":"l1mitless","consumer":"projects/l1mitless"}},{"@type":"type.googleapis.com/google.rpc.LocalizedMessage","locale":"en-US","message":"Secret Manager API has not been used in project l1mitless before or it is disabled. Enable it by visiting https://console.developers.google.com/apis/api/secretmanager.googleapis.com/overview?project=l1mitless then retry. If you enabled this API recently, wait a few minutes for the action to propagate to our systems and retry."},{"@type":"type.googleapis.com/google.rpc.Help","links":[{"description":"Google developers console API activation","url":"https://console.developers.google.com/apis/api/secretmanager.googleapis.com/overview?project=l1mitless"}]}]}}
[error] ⬢  functions: Unable to access secret environment variables from Google Cloud Secret Manager. Make sure the credential used for the Functions Emulator have access or provide override values in /Users/georgea.e/Desktop/L1mitless/l1mitlesssite/functions/.secret.local:
	FirebaseError: Request to https://secretmanager.googleapis.com/v1/projects/l1mitless/secrets/STRIPE_SECRET/versions/latest:access had HTTP Error: 403, Secret Manager API has not been used in project l1mitless before or it is disabled. Enable it by visiting https://console.developers.google.com/apis/api/secretmanager.googleapis.com/overview?project=l1mitless then retry. If you enabled this API recently, wait a few minutes for the action to propagate to our systems and retry. {"metadata":{"emulator":{"name":"functions"},"message":"Unable to access secret environment variables from Google Cloud Secret Manager. Make sure the credential used for the Functions Emulator have access or provide override values in /Users/georgea.e/Desktop/L1mitless/l1mitlesssite/functions/.secret.local:\n\tFirebaseError: Request to https://secretmanager.googleapis.com/v1/projects/l1mitless/secrets/STRIPE_SECRET/versions/latest:access had HTTP Error: 403, Secret Manager API has not been used in project l1mitless before or it is disabled. Enable it by visiting https://console.developers.google.com/apis/api/secretmanager.googleapis.com/overview?project=l1mitless then retry. If you enabled this API recently, wait a few minutes for the action to propagate to our systems and retry."}}
[debug] [2025-04-06T10:19:30.366Z] [worker-pool] addWorker(europe-west1-createCheckoutSession) {"metadata":{"emulator":{"name":"functions"},"message":"[worker-pool] addWorker(europe-west1-createCheckoutSession)"}}
[debug] [2025-04-06T10:19:30.366Z] [worker-pool] Adding worker with key europe-west1-createCheckoutSession, total=1 {"metadata":{"emulator":{"name":"functions"},"message":"[worker-pool] Adding worker with key europe-west1-createCheckoutSession, total=1"}}
[debug] [2025-04-06T10:19:31.387Z] [runtime-status] [23371] Resolved module firebase-admin {"declared":true,"installed":true,"version":"13.2.0","resolution":"/Users/georgea.e/Desktop/L1mitless/l1mitlesssite/node_modules/firebase-admin/lib/index.js"} {"metadata":{"emulator":{"name":"functions"},"function":{"name":"europe-west1-createCheckoutSession"},"extension":{},"message":"[runtime-status] [23371] Resolved module firebase-admin {\"declared\":true,\"installed\":true,\"version\":\"13.2.0\",\"resolution\":\"/Users/georgea.e/Desktop/L1mitless/l1mitlesssite/node_modules/firebase-admin/lib/index.js\"}"}}
[debug] [2025-04-06T10:19:31.388Z] [runtime-status] [23371] Resolved module firebase-functions {"declared":true,"installed":true,"version":"6.3.2","resolution":"/Users/georgea.e/Desktop/L1mitless/l1mitlesssite/node_modules/firebase-functions/lib/v2/index.js"} {"metadata":{"emulator":{"name":"functions"},"function":{"name":"europe-west1-createCheckoutSession"},"extension":{},"message":"[runtime-status] [23371] Resolved module firebase-functions {\"declared\":true,\"installed\":true,\"version\":\"6.3.2\",\"resolution\":\"/Users/georgea.e/Desktop/L1mitless/l1mitlesssite/node_modules/firebase-functions/lib/v2/index.js\"}"}}
[debug] [2025-04-06T10:19:31.388Z] [runtime-status] [23371] Outgoing network have been stubbed. [{"name":"http","status":"mocked"},{"name":"http","status":"mocked"},{"name":"https","status":"mocked"},{"name":"https","status":"mocked"},{"name":"net","status":"mocked"}] {"metadata":{"emulator":{"name":"functions"},"function":{"name":"europe-west1-createCheckoutSession"},"extension":{},"message":"[runtime-status] [23371] Outgoing network have been stubbed. [{\"name\":\"http\",\"status\":\"mocked\"},{\"name\":\"http\",\"status\":\"mocked\"},{\"name\":\"https\",\"status\":\"mocked\"},{\"name\":\"https\",\"status\":\"mocked\"},{\"name\":\"net\",\"status\":\"mocked\"}]"}}
[debug] [2025-04-06T10:19:31.389Z] [runtime-status] [23371] Resolved module firebase-functions {"declared":true,"installed":true,"version":"6.3.2","resolution":"/Users/georgea.e/Desktop/L1mitless/l1mitlesssite/node_modules/firebase-functions/lib/v2/index.js"} {"metadata":{"emulator":{"name":"functions"},"function":{"name":"europe-west1-createCheckoutSession"},"extension":{},"message":"[runtime-status] [23371] Resolved module firebase-functions {\"declared\":true,\"installed\":true,\"version\":\"6.3.2\",\"resolution\":\"/Users/georgea.e/Desktop/L1mitless/l1mitlesssite/node_modules/firebase-functions/lib/v2/index.js\"}"}}
[debug] [2025-04-06T10:19:31.654Z] [runtime-status] [23371] Checked functions.config() {"config":{}} {"metadata":{"emulator":{"name":"functions"},"function":{"name":"europe-west1-createCheckoutSession"},"extension":{},"message":"[runtime-status] [23371] Checked functions.config() {\"config\":{}}"}}
[debug] [2025-04-06T10:19:31.654Z] [runtime-status] [23371] firebase-functions has been stubbed. {"functionsResolution":{"declared":true,"installed":true,"version":"6.3.2","resolution":"/Users/georgea.e/Desktop/L1mitless/l1mitlesssite/node_modules/firebase-functions/lib/v2/index.js"}} {"metadata":{"emulator":{"name":"functions"},"function":{"name":"europe-west1-createCheckoutSession"},"extension":{},"message":"[runtime-status] [23371] firebase-functions has been stubbed. {\"functionsResolution\":{\"declared\":true,\"installed\":true,\"version\":\"6.3.2\",\"resolution\":\"/Users/georgea.e/Desktop/L1mitless/l1mitlesssite/node_modules/firebase-functions/lib/v2/index.js\"}}"}}
[debug] [2025-04-06T10:19:31.655Z] [runtime-status] [23371] Resolved module firebase-functions {"declared":true,"installed":true,"version":"6.3.2","resolution":"/Users/georgea.e/Desktop/L1mitless/l1mitlesssite/node_modules/firebase-functions/lib/v2/index.js"} {"metadata":{"emulator":{"name":"functions"},"function":{"name":"europe-west1-createCheckoutSession"},"extension":{},"message":"[runtime-status] [23371] Resolved module firebase-functions {\"declared\":true,\"installed\":true,\"version\":\"6.3.2\",\"resolution\":\"/Users/georgea.e/Desktop/L1mitless/l1mitlesssite/node_modules/firebase-functions/lib/v2/index.js\"}"}}
[debug] [2025-04-06T10:19:31.657Z] [runtime-status] [23371] Resolved module firebase-admin {"declared":true,"installed":true,"version":"13.2.0","resolution":"/Users/georgea.e/Desktop/L1mitless/l1mitlesssite/node_modules/firebase-admin/lib/index.js"} {"metadata":{"emulator":{"name":"functions"},"function":{"name":"europe-west1-createCheckoutSession"},"extension":{},"message":"[runtime-status] [23371] Resolved module firebase-admin {\"declared\":true,\"installed\":true,\"version\":\"13.2.0\",\"resolution\":\"/Users/georgea.e/Desktop/L1mitless/l1mitlesssite/node_modules/firebase-admin/lib/index.js\"}"}}
[debug] [2025-04-06T10:19:31.658Z] [runtime-status] [23371] Resolved module firebase-functions {"declared":true,"installed":true,"version":"6.3.2","resolution":"/Users/georgea.e/Desktop/L1mitless/l1mitlesssite/node_modules/firebase-functions/lib/v2/index.js"} {"metadata":{"emulator":{"name":"functions"},"function":{"name":"europe-west1-createCheckoutSession"},"extension":{},"message":"[runtime-status] [23371] Resolved module firebase-functions {\"declared\":true,\"installed\":true,\"version\":\"6.3.2\",\"resolution\":\"/Users/georgea.e/Desktop/L1mitless/l1mitlesssite/node_modules/firebase-functions/lib/v2/index.js\"}"}}
[debug] [2025-04-06T10:19:31.659Z] [runtime-status] [23371] firebase-admin has been stubbed. {"adminResolution":{"declared":true,"installed":true,"version":"13.2.0","resolution":"/Users/georgea.e/Desktop/L1mitless/l1mitlesssite/node_modules/firebase-admin/lib/index.js"}} {"metadata":{"emulator":{"name":"functions"},"function":{"name":"europe-west1-createCheckoutSession"},"extension":{},"message":"[runtime-status] [23371] firebase-admin has been stubbed. {\"adminResolution\":{\"declared\":true,\"installed\":true,\"version\":\"13.2.0\",\"resolution\":\"/Users/georgea.e/Desktop/L1mitless/l1mitlesssite/node_modules/firebase-admin/lib/index.js\"}}"}}
[debug] [2025-04-06T10:19:31.823Z] [runtime-status] [23371] Functions runtime initialized. {"cwd":"/Users/georgea.e/Desktop/L1mitless/l1mitlesssite/functions","node_version":"20.18.2"} {"metadata":{"emulator":{"name":"functions"},"function":{"name":"europe-west1-createCheckoutSession"},"extension":{},"message":"[runtime-status] [23371] Functions runtime initialized. {\"cwd\":\"/Users/georgea.e/Desktop/L1mitless/l1mitlesssite/functions\",\"node_version\":\"20.18.2\"}"}}
[debug] [2025-04-06T10:19:31.823Z] [runtime-status] [23371] Listening to port: /var/folders/bm/kvw7rp0j03g4sdyldy68g73w0000gn/T/fire_emu_a6e69351caa6865c.sock {"metadata":{"emulator":{"name":"functions"},"function":{"name":"europe-west1-createCheckoutSession"},"extension":{},"message":"[runtime-status] [23371] Listening to port: /var/folders/bm/kvw7rp0j03g4sdyldy68g73w0000gn/T/fire_emu_a6e69351caa6865c.sock"}}
[debug] [2025-04-06T10:19:31.895Z] [worker-europe-west1-createCheckoutSession-59992244-eb88-4d97-adfc-2e2affafb1a3]: IDLE {"metadata":{"emulator":{"name":"functions"},"function":{"name":"europe-west1-createCheckoutSession"},"extension":{},"message":"[worker-europe-west1-createCheckoutSession-59992244-eb88-4d97-adfc-2e2affafb1a3]: IDLE"}}
[debug] [2025-04-06T10:19:31.895Z] [worker-pool] submitRequest(triggerId=europe-west1-createCheckoutSession) {"metadata":{"emulator":{"name":"functions"},"message":"[worker-pool] submitRequest(triggerId=europe-west1-createCheckoutSession)"}}
[info] i  functions: Beginning execution of "europe-west1-createCheckoutSession" {"metadata":{"emulator":{"name":"functions"},"function":{"name":"europe-west1-createCheckoutSession"},"extension":{},"message":"Beginning execution of \"europe-west1-createCheckoutSession\""}}
[debug] [2025-04-06T10:19:31.896Z] [worker-europe-west1-createCheckoutSession-59992244-eb88-4d97-adfc-2e2affafb1a3]: BUSY {"metadata":{"emulator":{"name":"functions"},"function":{"name":"europe-west1-createCheckoutSession"},"extension":{},"message":"[worker-europe-west1-createCheckoutSession-59992244-eb88-4d97-adfc-2e2affafb1a3]: BUSY"}}
[info] >  {"severity":"WARNING","message":"No value found for secret parameter \"STRIPE_SECRET\". A function can only access a secret if you include the secret in the function's dependency array."} {"user":{"severity":"WARNING","message":"No value found for secret parameter \"STRIPE_SECRET\". A function can only access a secret if you include the secret in the function's dependency array."},"metadata":{"emulator":{"name":"functions"},"function":{"name":"europe-west1-createCheckoutSession"},"extension":{},"message":"\u001b[90m> \u001b[39m {\"severity\":\"WARNING\",\"message\":\"No value found for secret parameter \\\"STRIPE_SECRET\\\". A function can only access a secret if you include the secret in the function's dependency array.\"}"}}
[info] >  {"severity":"ERROR","message":"Stripe Checkout Error: Error: Neither apiKey nor config.authenticator provided\n    at Stripe._setAuthenticator (file:///Users/georgea.e/Desktop/L1mitless/l1mitlesssite/node_modules/stripe/esm/stripe.core.js:163:23)\n    at new Stripe (file:///Users/georgea.e/Desktop/L1mitless/l1mitlesssite/node_modules/stripe/esm/stripe.core.js:99:14)\n    at file:///Users/georgea.e/Desktop/L1mitless/l1mitlesssite/functions/index.js:173:22\n    at /Users/georgea.e/Desktop/L1mitless/l1mitlesssite/node_modules/firebase-functions/lib/v2/providers/https.js:88:29\n    at cors (/Users/georgea.e/Desktop/L1mitless/l1mitlesssite/node_modules/cors/lib/index.js:188:7)\n    at /Users/georgea.e/Desktop/L1mitless/l1mitlesssite/node_modules/cors/lib/index.js:224:17\n    at originCallback (/Users/georgea.e/Desktop/L1mitless/l1mitlesssite/node_modules/cors/lib/index.js:214:15)\n    at /Users/georgea.e/Desktop/L1mitless/l1mitlesssite/node_modules/cors/lib/index.js:219:13\n    at optionsCallback (/Users/georgea.e/Desktop/L1mitless/l1mitlesssite/node_modules/cors/lib/index.js:199:9)\n    at corsMiddleware (/Users/georgea.e/Desktop/L1mitless/l1mitlesssite/node_modules/cors/lib/index.js:204:7)"} {"user":{"severity":"ERROR","message":"Stripe Checkout Error: Error: Neither apiKey nor config.authenticator provided\n    at Stripe._setAuthenticator (file:///Users/georgea.e/Desktop/L1mitless/l1mitlesssite/node_modules/stripe/esm/stripe.core.js:163:23)\n    at new Stripe (file:///Users/georgea.e/Desktop/L1mitless/l1mitlesssite/node_modules/stripe/esm/stripe.core.js:99:14)\n    at file:///Users/georgea.e/Desktop/L1mitless/l1mitlesssite/functions/index.js:173:22\n    at /Users/georgea.e/Desktop/L1mitless/l1mitlesssite/node_modules/firebase-functions/lib/v2/providers/https.js:88:29\n    at cors (/Users/georgea.e/Desktop/L1mitless/l1mitlesssite/node_modules/cors/lib/index.js:188:7)\n    at /Users/georgea.e/Desktop/L1mitless/l1mitlesssite/node_modules/cors/lib/index.js:224:17\n    at originCallback (/Users/georgea.e/Desktop/L1mitless/l1mitlesssite/node_modules/cors/lib/index.js:214:15)\n    at /Users/georgea.e/Desktop/L1mitless/l1mitlesssite/node_modules/cors/lib/index.js:219:13\n    at optionsCallback (/Users/georgea.e/Desktop/L1mitless/l1mitlesssite/node_modules/cors/lib/index.js:199:9)\n    at corsMiddleware (/Users/georgea.e/Desktop/L1mitless/l1mitlesssite/node_modules/cors/lib/index.js:204:7)"},"metadata":{"emulator":{"name":"functions"},"function":{"name":"europe-west1-createCheckoutSession"},"extension":{},"message":"\u001b[90m> \u001b[39m {\"severity\":\"ERROR\",\"message\":\"Stripe Checkout Error: Error: Neither apiKey nor config.authenticator provided\\n    at Stripe._setAuthenticator (file:///Users/georgea.e/Desktop/L1mitless/l1mitlesssite/node_modules/stripe/esm/stripe.core.js:163:23)\\n    at new Stripe (file:///Users/georgea.e/Desktop/L1mitless/l1mitlesssite/node_modules/stripe/esm/stripe.core.js:99:14)\\n    at file:///Users/georgea.e/Desktop/L1mitless/l1mitlesssite/functions/index.js:173:22\\n    at /Users/georgea.e/Desktop/L1mitless/l1mitlesssite/node_modules/firebase-functions/lib/v2/providers/https.js:88:29\\n    at cors (/Users/georgea.e/Desktop/L1mitless/l1mitlesssite/node_modules/cors/lib/index.js:188:7)\\n    at /Users/georgea.e/Desktop/L1mitless/l1mitlesssite/node_modules/cors/lib/index.js:224:17\\n    at originCallback (/Users/georgea.e/Desktop/L1mitless/l1mitlesssite/node_modules/cors/lib/index.js:214:15)\\n    at /Users/georgea.e/Desktop/L1mitless/l1mitlesssite/node_modules/cors/lib/index.js:219:13\\n    at optionsCallback (/Users/georgea.e/Desktop/L1mitless/l1mitlesssite/node_modules/cors/lib/index.js:199:9)\\n    at corsMiddleware (/Users/georgea.e/Desktop/L1mitless/l1mitlesssite/node_modules/cors/lib/index.js:204:7)\"}"}}
[debug] [2025-04-06T10:19:31.913Z] Finishing up request with event=pause {"metadata":{"emulator":{"name":"functions"},"function":{"name":"europe-west1-createCheckoutSession"},"extension":{},"message":"Finishing up request with event=pause"}}
[info] i  functions: Finished "europe-west1-createCheckoutSession" in 17.744738ms {"metadata":{"emulator":{"name":"functions"},"function":{"name":"europe-west1-createCheckoutSession"},"extension":{},"message":"Finished \"europe-west1-createCheckoutSession\" in 17.744738ms"}}
[debug] [2025-04-06T10:19:31.914Z] [worker-europe-west1-createCheckoutSession-59992244-eb88-4d97-adfc-2e2affafb1a3]: IDLE {"metadata":{"emulator":{"name":"functions"},"function":{"name":"europe-west1-createCheckoutSession"},"extension":{},"message":"[worker-europe-west1-createCheckoutSession-59992244-eb88-4d97-adfc-2e2affafb1a3]: IDLE"}}
[debug] [2025-04-06T10:19:31.914Z] Finishing up request with event=finish {"metadata":{"emulator":{"name":"functions"},"function":{"name":"europe-west1-createCheckoutSession"},"extension":{},"message":"Finishing up request with event=finish"}}
[debug] [2025-04-06T10:19:31.915Z] Finishing up request with event=close {"metadata":{"emulator":{"name":"functions"},"function":{"name":"europe-west1-createCheckoutSession"},"extension":{},"message":"Finishing up request with event=close"}}
[debug] [2025-04-06T10:19:31.915Z] [work-queue] {"queuedWork":[],"queueLength":0,"runningWork":[],"workRunningCount":0}
[debug] [2025-04-06T10:19:52.786Z] [work-queue] {"queuedWork":["/l1mitless/europe-west1/createCheckoutSession-2025-04-06T10:19:52.786Z"],"queueLength":1,"runningWork":[],"workRunningCount":0}
[debug] [2025-04-06T10:19:52.786Z] [work-queue] {"queuedWork":[],"queueLength":0,"runningWork":["/l1mitless/europe-west1/createCheckoutSession-2025-04-06T10:19:52.786Z"],"workRunningCount":1}
[debug] [2025-04-06T10:19:52.786Z] Accepted request OPTIONS /l1mitless/europe-west1/createCheckoutSession --> europe-west1-createCheckoutSession
[debug] [2025-04-06T10:19:52.789Z] [functions] Runtime ready! Sending request! {"metadata":{"emulator":{"name":"functions"},"message":"[functions] Runtime ready! Sending request!"}}
[debug] [2025-04-06T10:19:52.789Z] [functions] Got req.url=/l1mitless/europe-west1/createCheckoutSession, mapping to path=/ {"metadata":{"emulator":{"name":"functions"},"message":"[functions] Got req.url=/l1mitless/europe-west1/createCheckoutSession, mapping to path=/"}}
[debug] [2025-04-06T10:19:52.789Z] [worker-pool] submitRequest(triggerId=europe-west1-createCheckoutSession) {"metadata":{"emulator":{"name":"functions"},"message":"[worker-pool] submitRequest(triggerId=europe-west1-createCheckoutSession)"}}
[info] i  functions: Beginning execution of "europe-west1-createCheckoutSession" {"metadata":{"emulator":{"name":"functions"},"function":{"name":"europe-west1-createCheckoutSession"},"extension":{},"message":"Beginning execution of \"europe-west1-createCheckoutSession\""}}
[debug] [2025-04-06T10:19:52.790Z] [worker-europe-west1-createCheckoutSession-59992244-eb88-4d97-adfc-2e2affafb1a3]: BUSY {"metadata":{"emulator":{"name":"functions"},"function":{"name":"europe-west1-createCheckoutSession"},"extension":{},"message":"[worker-europe-west1-createCheckoutSession-59992244-eb88-4d97-adfc-2e2affafb1a3]: BUSY"}}
[debug] [2025-04-06T10:19:52.795Z] Finishing up request with event=pause {"metadata":{"emulator":{"name":"functions"},"function":{"name":"europe-west1-createCheckoutSession"},"extension":{},"message":"Finishing up request with event=pause"}}
[info] i  functions: Finished "europe-west1-createCheckoutSession" in 5.091773ms {"metadata":{"emulator":{"name":"functions"},"function":{"name":"europe-west1-createCheckoutSession"},"extension":{},"message":"Finished \"europe-west1-createCheckoutSession\" in 5.091773ms"}}
[debug] [2025-04-06T10:19:52.798Z] [worker-europe-west1-createCheckoutSession-59992244-eb88-4d97-adfc-2e2affafb1a3]: IDLE {"metadata":{"emulator":{"name":"functions"},"function":{"name":"europe-west1-createCheckoutSession"},"extension":{},"message":"[worker-europe-west1-createCheckoutSession-59992244-eb88-4d97-adfc-2e2affafb1a3]: IDLE"}}
[debug] [2025-04-06T10:19:52.798Z] Finishing up request with event=finish {"metadata":{"emulator":{"name":"functions"},"function":{"name":"europe-west1-createCheckoutSession"},"extension":{},"message":"Finishing up request with event=finish"}}
[debug] [2025-04-06T10:19:52.798Z] Finishing up request with event=close {"metadata":{"emulator":{"name":"functions"},"function":{"name":"europe-west1-createCheckoutSession"},"extension":{},"message":"Finishing up request with event=close"}}
[debug] [2025-04-06T10:19:52.798Z] [work-queue] {"queuedWork":[],"queueLength":0,"runningWork":[],"workRunningCount":0}
[debug] [2025-04-06T10:19:52.800Z] [work-queue] {"queuedWork":["/l1mitless/europe-west1/createCheckoutSession-2025-04-06T10:19:52.800Z"],"queueLength":1,"runningWork":[],"workRunningCount":0}
[debug] [2025-04-06T10:19:52.800Z] [work-queue] {"queuedWork":[],"queueLength":0,"runningWork":["/l1mitless/europe-west1/createCheckoutSession-2025-04-06T10:19:52.800Z"],"workRunningCount":1}
[debug] [2025-04-06T10:19:52.800Z] Accepted request POST /l1mitless/europe-west1/createCheckoutSession --> europe-west1-createCheckoutSession
[debug] [2025-04-06T10:19:52.803Z] [functions] Runtime ready! Sending request! {"metadata":{"emulator":{"name":"functions"},"message":"[functions] Runtime ready! Sending request!"}}
[debug] [2025-04-06T10:19:52.803Z] [functions] Got req.url=/l1mitless/europe-west1/createCheckoutSession, mapping to path=/ {"metadata":{"emulator":{"name":"functions"},"message":"[functions] Got req.url=/l1mitless/europe-west1/createCheckoutSession, mapping to path=/"}}
[debug] [2025-04-06T10:19:52.803Z] [worker-pool] submitRequest(triggerId=europe-west1-createCheckoutSession) {"metadata":{"emulator":{"name":"functions"},"message":"[worker-pool] submitRequest(triggerId=europe-west1-createCheckoutSession)"}}
[info] i  functions: Beginning execution of "europe-west1-createCheckoutSession" {"metadata":{"emulator":{"name":"functions"},"function":{"name":"europe-west1-createCheckoutSession"},"extension":{},"message":"Beginning execution of \"europe-west1-createCheckoutSession\""}}
[debug] [2025-04-06T10:19:52.804Z] [worker-europe-west1-createCheckoutSession-59992244-eb88-4d97-adfc-2e2affafb1a3]: BUSY {"metadata":{"emulator":{"name":"functions"},"function":{"name":"europe-west1-createCheckoutSession"},"extension":{},"message":"[worker-europe-west1-createCheckoutSession-59992244-eb88-4d97-adfc-2e2affafb1a3]: BUSY"}}
[info] >  {"severity":"WARNING","message":"No value found for secret parameter \"STRIPE_SECRET\". A function can only access a secret if you include the secret in the function's dependency array."} {"user":{"severity":"WARNING","message":"No value found for secret parameter \"STRIPE_SECRET\". A function can only access a secret if you include the secret in the function's dependency array."},"metadata":{"emulator":{"name":"functions"},"function":{"name":"europe-west1-createCheckoutSession"},"extension":{},"message":"\u001b[90m> \u001b[39m {\"severity\":\"WARNING\",\"message\":\"No value found for secret parameter \\\"STRIPE_SECRET\\\". A function can only access a secret if you include the secret in the function's dependency array.\"}"}}
[info] >  {"severity":"ERROR","message":"Stripe Checkout Error: Error: Neither apiKey nor config.authenticator provided\n    at Stripe._setAuthenticator (file:///Users/georgea.e/Desktop/L1mitless/l1mitlesssite/node_modules/stripe/esm/stripe.core.js:163:23)\n    at new Stripe (file:///Users/georgea.e/Desktop/L1mitless/l1mitlesssite/node_modules/stripe/esm/stripe.core.js:99:14)\n    at file:///Users/georgea.e/Desktop/L1mitless/l1mitlesssite/functions/index.js:173:22\n    at /Users/georgea.e/Desktop/L1mitless/l1mitlesssite/node_modules/firebase-functions/lib/v2/providers/https.js:88:29\n    at cors (/Users/georgea.e/Desktop/L1mitless/l1mitlesssite/node_modules/cors/lib/index.js:188:7)\n    at /Users/georgea.e/Desktop/L1mitless/l1mitlesssite/node_modules/cors/lib/index.js:224:17\n    at originCallback (/Users/georgea.e/Desktop/L1mitless/l1mitlesssite/node_modules/cors/lib/index.js:214:15)\n    at /Users/georgea.e/Desktop/L1mitless/l1mitlesssite/node_modules/cors/lib/index.js:219:13\n    at optionsCallback (/Users/georgea.e/Desktop/L1mitless/l1mitlesssite/node_modules/cors/lib/index.js:199:9)\n    at corsMiddleware (/Users/georgea.e/Desktop/L1mitless/l1mitlesssite/node_modules/cors/lib/index.js:204:7)"} {"user":{"severity":"ERROR","message":"Stripe Checkout Error: Error: Neither apiKey nor config.authenticator provided\n    at Stripe._setAuthenticator (file:///Users/georgea.e/Desktop/L1mitless/l1mitlesssite/node_modules/stripe/esm/stripe.core.js:163:23)\n    at new Stripe (file:///Users/georgea.e/Desktop/L1mitless/l1mitlesssite/node_modules/stripe/esm/stripe.core.js:99:14)\n    at file:///Users/georgea.e/Desktop/L1mitless/l1mitlesssite/functions/index.js:173:22\n    at /Users/georgea.e/Desktop/L1mitless/l1mitlesssite/node_modules/firebase-functions/lib/v2/providers/https.js:88:29\n    at cors (/Users/georgea.e/Desktop/L1mitless/l1mitlesssite/node_modules/cors/lib/index.js:188:7)\n    at /Users/georgea.e/Desktop/L1mitless/l1mitlesssite/node_modules/cors/lib/index.js:224:17\n    at originCallback (/Users/georgea.e/Desktop/L1mitless/l1mitlesssite/node_modules/cors/lib/index.js:214:15)\n    at /Users/georgea.e/Desktop/L1mitless/l1mitlesssite/node_modules/cors/lib/index.js:219:13\n    at optionsCallback (/Users/georgea.e/Desktop/L1mitless/l1mitlesssite/node_modules/cors/lib/index.js:199:9)\n    at corsMiddleware (/Users/georgea.e/Desktop/L1mitless/l1mitlesssite/node_modules/cors/lib/index.js:204:7)"},"metadata":{"emulator":{"name":"functions"},"function":{"name":"europe-west1-createCheckoutSession"},"extension":{},"message":"\u001b[90m> \u001b[39m {\"severity\":\"ERROR\",\"message\":\"Stripe Checkout Error: Error: Neither apiKey nor config.authenticator provided\\n    at Stripe._setAuthenticator (file:///Users/georgea.e/Desktop/L1mitless/l1mitlesssite/node_modules/stripe/esm/stripe.core.js:163:23)\\n    at new Stripe (file:///Users/georgea.e/Desktop/L1mitless/l1mitlesssite/node_modules/stripe/esm/stripe.core.js:99:14)\\n    at file:///Users/georgea.e/Desktop/L1mitless/l1mitlesssite/functions/index.js:173:22\\n    at /Users/georgea.e/Desktop/L1mitless/l1mitlesssite/node_modules/firebase-functions/lib/v2/providers/https.js:88:29\\n    at cors (/Users/georgea.e/Desktop/L1mitless/l1mitlesssite/node_modules/cors/lib/index.js:188:7)\\n    at /Users/georgea.e/Desktop/L1mitless/l1mitlesssite/node_modules/cors/lib/index.js:224:17\\n    at originCallback (/Users/georgea.e/Desktop/L1mitless/l1mitlesssite/node_modules/cors/lib/index.js:214:15)\\n    at /Users/georgea.e/Desktop/L1mitless/l1mitlesssite/node_modules/cors/lib/index.js:219:13\\n    at optionsCallback (/Users/georgea.e/Desktop/L1mitless/l1mitlesssite/node_modules/cors/lib/index.js:199:9)\\n    at corsMiddleware (/Users/georgea.e/Desktop/L1mitless/l1mitlesssite/node_modules/cors/lib/index.js:204:7)\"}"}}
[debug] [2025-04-06T10:19:52.808Z] Finishing up request with event=pause {"metadata":{"emulator":{"name":"functions"},"function":{"name":"europe-west1-createCheckoutSession"},"extension":{},"message":"Finishing up request with event=pause"}}
[info] i  functions: Finished "europe-west1-createCheckoutSession" in 4.679206ms {"metadata":{"emulator":{"name":"functions"},"function":{"name":"europe-west1-createCheckoutSession"},"extension":{},"message":"Finished \"europe-west1-createCheckoutSession\" in 4.679206ms"}}
[debug] [2025-04-06T10:19:52.809Z] [worker-europe-west1-createCheckoutSession-59992244-eb88-4d97-adfc-2e2affafb1a3]: IDLE {"metadata":{"emulator":{"name":"functions"},"function":{"name":"europe-west1-createCheckoutSession"},"extension":{},"message":"[worker-europe-west1-createCheckoutSession-59992244-eb88-4d97-adfc-2e2affafb1a3]: IDLE"}}
[debug] [2025-04-06T10:19:52.809Z] Finishing up request with event=finish {"metadata":{"emulator":{"name":"functions"},"function":{"name":"europe-west1-createCheckoutSession"},"extension":{},"message":"Finishing up request with event=finish"}}
[debug] [2025-04-06T10:19:52.809Z] Finishing up request with event=close {"metadata":{"emulator":{"name":"functions"},"function":{"name":"europe-west1-createCheckoutSession"},"extension":{},"message":"Finishing up request with event=close"}}
[debug] [2025-04-06T10:19:52.810Z] [work-queue] {"queuedWork":[],"queueLength":0,"runningWork":[],"workRunningCount":0}
[debug] [2025-04-06T10:20:59.261Z] File /Users/georgea.e/Desktop/L1mitless/l1mitlesssite/functions/index.js changed, reloading triggers {"metadata":{"emulator":{"name":"functions"},"message":"File /Users/georgea.e/Desktop/L1mitless/l1mitlesssite/functions/index.js changed, reloading triggers"}}
[debug] [2025-04-06T10:21:00.262Z] Validating nodejs source
[debug] [2025-04-06T10:21:00.266Z] checkFunctionsSDKVersion was unable to fetch information from NPM Error: spawnSync npm Unknown system error -8
    at Object.spawnSync (node:internal/child_process:1123:20)
    at Object.spawnSync (node:child_process:877:24)
    at Object.spawnSync (pkg/prelude/bootstrap.js:2092:31)
    at Function.spawnSync [as sync] (/Users/georgea.e/.cache/firebase/tools/lib/node_modules/cross-spawn/index.js:26:23)
    at Object.getLatestSDKVersion (/Users/georgea.e/.cache/firebase/tools/lib/node_modules/firebase-tools/lib/deploy/functions/runtimes/node/versioning.js:54:25)
    at Object.checkFunctionsSDKVersion (/Users/georgea.e/.cache/firebase/tools/lib/node_modules/firebase-tools/lib/deploy/functions/runtimes/node/versioning.js:74:32)
    at Delegate.validate (/Users/georgea.e/.cache/firebase/tools/lib/node_modules/firebase-tools/lib/deploy/functions/runtimes/node/index.js:86:20)
    at FunctionsEmulator.discoverTriggers (/Users/georgea.e/.cache/firebase/tools/lib/node_modules/firebase-tools/lib/emulator/functionsEmulator.js:313:35)
    at async FunctionsEmulator.loadTriggers (/Users/georgea.e/.cache/firebase/tools/lib/node_modules/firebase-tools/lib/emulator/functionsEmulator.js:353:34)
[debug] [2025-04-06T10:21:00.267Z] > [functions] package.json contents: {
  "name": "functions",
  "description": "Cloud Functions for Firebase",
  "type": "module",
  "scripts": {
    "serve": "firebase emulators:start --only functions",
    "shell": "firebase functions:shell",
    "start": "npm run shell",
    "deploy": "firebase deploy --only functions",
    "logs": "firebase functions:log",
    "test": "firebase-functions-test"
  },
  "engines": {
    "node": "20"
  },
  "main": "index.js",
  "dependencies": {
    "cors": "^2.8.5",
    "express": "^4.21.2",
    "firebase-admin": "^12.0.0",
    "firebase-functions": "^4.5.0",
    "stripe": "^14.0.0"
  },
  "devDependencies": {
    "firebase-functions-test": "^3.1.0"
  },
  "private": true
}
[debug] [2025-04-06T10:21:00.267Z] Building nodejs source
[debug] [2025-04-06T10:21:00.267Z] Failed to find version of module node: reached end of search path /Users/georgea.e/Desktop/L1mitless/l1mitlesssite/functions/node_modules
[info] ✔  functions: Using node@20 from host. 
[info] i  functions: Loaded environment variables from .env. 
[debug] [2025-04-06T10:21:00.268Z] Could not find functions.yaml. Must use http discovery
[debug] [2025-04-06T10:21:00.270Z] Found firebase-functions binary at '/Users/georgea.e/Desktop/L1mitless/l1mitlesssite/node_modules/.bin/firebase-functions'
[info] Serving at port 8126

[debug] [2025-04-06T10:21:01.293Z] Got response from /__/functions.yaml {"endpoints":{"createCheckoutSession":{"availableMemoryMb":256,"timeoutSeconds":800,"minInstances":null,"maxInstances":3,"ingressSettings":null,"concurrency":null,"serviceAccountEmail":null,"vpc":null,"platform":"gcfv2","region":["europe-west1"],"secretEnvironmentVariables":[{"key":"STRIPE_SECRET"}],"labels":{},"httpsTrigger":{},"entryPoint":"createCheckoutSession"},"getPlans":{"availableMemoryMb":256,"timeoutSeconds":800,"minInstances":null,"maxInstances":3,"ingressSettings":null,"concurrency":null,"serviceAccountEmail":null,"vpc":null,"platform":"gcfv2","region":["europe-west1"],"labels":{},"httpsTrigger":{},"entryPoint":"getPlans"},"health":{"availableMemoryMb":256,"timeoutSeconds":800,"minInstances":null,"maxInstances":3,"ingressSettings":null,"concurrency":null,"serviceAccountEmail":null,"vpc":null,"platform":"gcfv2","region":["europe-west1"],"labels":{},"httpsTrigger":{},"entryPoint":"health"},"stripeWebhook":{"availableMemoryMb":256,"timeoutSeconds":800,"minInstances":null,"maxInstances":3,"ingressSettings":null,"concurrency":null,"serviceAccountEmail":null,"vpc":null,"platform":"gcfv2","region":["europe-west1"],"secretEnvironmentVariables":[{"key":"STRIPE_SECRET"},{"key":"STRIPE_WEBHOOK_SECRET"}],"labels":{},"httpsTrigger":{},"entryPoint":"stripeWebhook"},"uploadPlan":{"availableMemoryMb":256,"timeoutSeconds":540,"minInstances":null,"maxInstances":3,"ingressSettings":null,"concurrency":null,"serviceAccountEmail":null,"vpc":null,"platform":"gcfv2","region":["europe-west1"],"labels":{},"httpsTrigger":{},"entryPoint":"uploadPlan"}},"specVersion":"v1alpha1","requiredAPIs":[],"extensions":{},"params":[{"type":"secret","name":"STRIPE_SECRET"},{"type":"secret","name":"STRIPE_WEBHOOK_SECRET"}]}
[debug] [2025-04-06T10:21:04.580Z] [work-queue] {"queuedWork":["/l1mitless/europe-west1/createCheckoutSession-2025-04-06T10:21:04.580Z"],"queueLength":1,"runningWork":[],"workRunningCount":0}
[debug] [2025-04-06T10:21:04.580Z] [work-queue] {"queuedWork":[],"queueLength":0,"runningWork":["/l1mitless/europe-west1/createCheckoutSession-2025-04-06T10:21:04.580Z"],"workRunningCount":1}
[debug] [2025-04-06T10:21:04.581Z] Accepted request POST /l1mitless/europe-west1/createCheckoutSession --> europe-west1-createCheckoutSession
[debug] [2025-04-06T10:21:04.584Z] [functions] Runtime ready! Sending request! {"metadata":{"emulator":{"name":"functions"},"message":"[functions] Runtime ready! Sending request!"}}
[debug] [2025-04-06T10:21:04.584Z] [functions] Got req.url=/l1mitless/europe-west1/createCheckoutSession, mapping to path=/ {"metadata":{"emulator":{"name":"functions"},"message":"[functions] Got req.url=/l1mitless/europe-west1/createCheckoutSession, mapping to path=/"}}
[debug] [2025-04-06T10:21:04.584Z] [worker-pool] submitRequest(triggerId=europe-west1-createCheckoutSession) {"metadata":{"emulator":{"name":"functions"},"message":"[worker-pool] submitRequest(triggerId=europe-west1-createCheckoutSession)"}}
[info] i  functions: Beginning execution of "europe-west1-createCheckoutSession" {"metadata":{"emulator":{"name":"functions"},"function":{"name":"europe-west1-createCheckoutSession"},"extension":{},"message":"Beginning execution of \"europe-west1-createCheckoutSession\""}}
[debug] [2025-04-06T10:21:04.584Z] [worker-europe-west1-createCheckoutSession-59992244-eb88-4d97-adfc-2e2affafb1a3]: BUSY {"metadata":{"emulator":{"name":"functions"},"function":{"name":"europe-west1-createCheckoutSession"},"extension":{},"message":"[worker-europe-west1-createCheckoutSession-59992244-eb88-4d97-adfc-2e2affafb1a3]: BUSY"}}
[info] >  {"severity":"WARNING","message":"No value found for secret parameter \"STRIPE_SECRET\". A function can only access a secret if you include the secret in the function's dependency array."} {"user":{"severity":"WARNING","message":"No value found for secret parameter \"STRIPE_SECRET\". A function can only access a secret if you include the secret in the function's dependency array."},"metadata":{"emulator":{"name":"functions"},"function":{"name":"europe-west1-createCheckoutSession"},"extension":{},"message":"\u001b[90m> \u001b[39m {\"severity\":\"WARNING\",\"message\":\"No value found for secret parameter \\\"STRIPE_SECRET\\\". A function can only access a secret if you include the secret in the function's dependency array.\"}"}}
[info] >  {"severity":"ERROR","message":"Stripe Checkout Error: Error: Neither apiKey nor config.authenticator provided\n    at Stripe._setAuthenticator (file:///Users/georgea.e/Desktop/L1mitless/l1mitlesssite/node_modules/stripe/esm/stripe.core.js:163:23)\n    at new Stripe (file:///Users/georgea.e/Desktop/L1mitless/l1mitlesssite/node_modules/stripe/esm/stripe.core.js:99:14)\n    at file:///Users/georgea.e/Desktop/L1mitless/l1mitlesssite/functions/index.js:173:22\n    at /Users/georgea.e/Desktop/L1mitless/l1mitlesssite/node_modules/firebase-functions/lib/v2/providers/https.js:88:29\n    at cors (/Users/georgea.e/Desktop/L1mitless/l1mitlesssite/node_modules/cors/lib/index.js:188:7)\n    at /Users/georgea.e/Desktop/L1mitless/l1mitlesssite/node_modules/cors/lib/index.js:224:17\n    at originCallback (/Users/georgea.e/Desktop/L1mitless/l1mitlesssite/node_modules/cors/lib/index.js:214:15)\n    at /Users/georgea.e/Desktop/L1mitless/l1mitlesssite/node_modules/cors/lib/index.js:219:13\n    at optionsCallback (/Users/georgea.e/Desktop/L1mitless/l1mitlesssite/node_modules/cors/lib/index.js:199:9)\n    at corsMiddleware (/Users/georgea.e/Desktop/L1mitless/l1mitlesssite/node_modules/cors/lib/index.js:204:7)"} {"user":{"severity":"ERROR","message":"Stripe Checkout Error: Error: Neither apiKey nor config.authenticator provided\n    at Stripe._setAuthenticator (file:///Users/georgea.e/Desktop/L1mitless/l1mitlesssite/node_modules/stripe/esm/stripe.core.js:163:23)\n    at new Stripe (file:///Users/georgea.e/Desktop/L1mitless/l1mitlesssite/node_modules/stripe/esm/stripe.core.js:99:14)\n    at file:///Users/georgea.e/Desktop/L1mitless/l1mitlesssite/functions/index.js:173:22\n    at /Users/georgea.e/Desktop/L1mitless/l1mitlesssite/node_modules/firebase-functions/lib/v2/providers/https.js:88:29\n    at cors (/Users/georgea.e/Desktop/L1mitless/l1mitlesssite/node_modules/cors/lib/index.js:188:7)\n    at /Users/georgea.e/Desktop/L1mitless/l1mitlesssite/node_modules/cors/lib/index.js:224:17\n    at originCallback (/Users/georgea.e/Desktop/L1mitless/l1mitlesssite/node_modules/cors/lib/index.js:214:15)\n    at /Users/georgea.e/Desktop/L1mitless/l1mitlesssite/node_modules/cors/lib/index.js:219:13\n    at optionsCallback (/Users/georgea.e/Desktop/L1mitless/l1mitlesssite/node_modules/cors/lib/index.js:199:9)\n    at corsMiddleware (/Users/georgea.e/Desktop/L1mitless/l1mitlesssite/node_modules/cors/lib/index.js:204:7)"},"metadata":{"emulator":{"name":"functions"},"function":{"name":"europe-west1-createCheckoutSession"},"extension":{},"message":"\u001b[90m> \u001b[39m {\"severity\":\"ERROR\",\"message\":\"Stripe Checkout Error: Error: Neither apiKey nor config.authenticator provided\\n    at Stripe._setAuthenticator (file:///Users/georgea.e/Desktop/L1mitless/l1mitlesssite/node_modules/stripe/esm/stripe.core.js:163:23)\\n    at new Stripe (file:///Users/georgea.e/Desktop/L1mitless/l1mitlesssite/node_modules/stripe/esm/stripe.core.js:99:14)\\n    at file:///Users/georgea.e/Desktop/L1mitless/l1mitlesssite/functions/index.js:173:22\\n    at /Users/georgea.e/Desktop/L1mitless/l1mitlesssite/node_modules/firebase-functions/lib/v2/providers/https.js:88:29\\n    at cors (/Users/georgea.e/Desktop/L1mitless/l1mitlesssite/node_modules/cors/lib/index.js:188:7)\\n    at /Users/georgea.e/Desktop/L1mitless/l1mitlesssite/node_modules/cors/lib/index.js:224:17\\n    at originCallback (/Users/georgea.e/Desktop/L1mitless/l1mitlesssite/node_modules/cors/lib/index.js:214:15)\\n    at /Users/georgea.e/Desktop/L1mitless/l1mitlesssite/node_modules/cors/lib/index.js:219:13\\n    at optionsCallback (/Users/georgea.e/Desktop/L1mitless/l1mitlesssite/node_modules/cors/lib/index.js:199:9)\\n    at corsMiddleware (/Users/georgea.e/Desktop/L1mitless/l1mitlesssite/node_modules/cors/lib/index.js:204:7)\"}"}}
[debug] [2025-04-06T10:21:04.590Z] Finishing up request with event=pause {"metadata":{"emulator":{"name":"functions"},"function":{"name":"europe-west1-createCheckoutSession"},"extension":{},"message":"Finishing up request with event=pause"}}
[info] i  functions: Finished "europe-west1-createCheckoutSession" in 5.595122ms {"metadata":{"emulator":{"name":"functions"},"function":{"name":"europe-west1-createCheckoutSession"},"extension":{},"message":"Finished \"europe-west1-createCheckoutSession\" in 5.595122ms"}}
[debug] [2025-04-06T10:21:04.590Z] [worker-europe-west1-createCheckoutSession-59992244-eb88-4d97-adfc-2e2affafb1a3]: IDLE {"metadata":{"emulator":{"name":"functions"},"function":{"name":"europe-west1-createCheckoutSession"},"extension":{},"message":"[worker-europe-west1-createCheckoutSession-59992244-eb88-4d97-adfc-2e2affafb1a3]: IDLE"}}
[debug] [2025-04-06T10:21:04.590Z] Finishing up request with event=finish {"metadata":{"emulator":{"name":"functions"},"function":{"name":"europe-west1-createCheckoutSession"},"extension":{},"message":"Finishing up request with event=finish"}}
[debug] [2025-04-06T10:21:04.590Z] Finishing up request with event=close {"metadata":{"emulator":{"name":"functions"},"function":{"name":"europe-west1-createCheckoutSession"},"extension":{},"message":"Finishing up request with event=close"}}
[debug] [2025-04-06T10:21:04.591Z] [work-queue] {"queuedWork":[],"queueLength":0,"runningWork":[],"workRunningCount":0}
[info] ✔  functions: Loaded functions definitions from source: createCheckoutSession, getPlans, health, stripeWebhook, uploadPlan. {"metadata":{"emulator":{"name":"functions"},"message":"Loaded functions definitions from source: createCheckoutSession, getPlans, health, stripeWebhook, uploadPlan."}}
[debug] [2025-04-06T10:21:05.337Z] [worker-pool] Shutting down IDLE worker (europe-west1-createCheckoutSession) {"metadata":{"emulator":{"name":"functions"},"message":"[worker-pool] Shutting down IDLE worker (europe-west1-createCheckoutSession)"}}
[debug] [2025-04-06T10:21:05.338Z] [worker-europe-west1-createCheckoutSession-59992244-eb88-4d97-adfc-2e2affafb1a3]: FINISHING {"metadata":{"emulator":{"name":"functions"},"function":{"name":"europe-west1-createCheckoutSession"},"extension":{},"message":"[worker-europe-west1-createCheckoutSession-59992244-eb88-4d97-adfc-2e2affafb1a3]: FINISHING"}}
[debug] [2025-04-06T10:21:05.349Z] [worker-europe-west1-createCheckoutSession-59992244-eb88-4d97-adfc-2e2affafb1a3]: exited {"metadata":{"emulator":{"name":"functions"},"function":{"name":"europe-west1-createCheckoutSession"},"extension":{},"message":"[worker-europe-west1-createCheckoutSession-59992244-eb88-4d97-adfc-2e2affafb1a3]: exited"}}
[debug] [2025-04-06T10:21:05.350Z] [worker-europe-west1-createCheckoutSession-59992244-eb88-4d97-adfc-2e2affafb1a3]: FINISHED {"metadata":{"emulator":{"name":"functions"},"function":{"name":"europe-west1-createCheckoutSession"},"extension":{},"message":"[worker-europe-west1-createCheckoutSession-59992244-eb88-4d97-adfc-2e2affafb1a3]: FINISHED"}}
[debug] [2025-04-06T10:21:09.684Z] Received signal SIGINT (Ctrl-C) 1
[info]  
[info] i  emulators: Received SIGINT (Ctrl-C) for the first time. Starting a clean shutdown. 
[info] i  emulators: Please wait for a clean shutdown or send the SIGINT (Ctrl-C) signal again to stop right now. 
[info] i  emulators: Shutting down emulators. {"metadata":{"emulator":{"name":"hub"},"message":"Shutting down emulators."}}
[info] i  ui: Stopping Emulator UI {"metadata":{"emulator":{"name":"ui"},"message":"Stopping Emulator UI"}}
[info] i  functions: Stopping Functions Emulator {"metadata":{"emulator":{"name":"functions"},"message":"Stopping Functions Emulator"}}
[info] i  eventarc: Stopping Eventarc Emulator {"metadata":{"emulator":{"name":"eventarc"},"message":"Stopping Eventarc Emulator"}}
[info] i  tasks: Stopping Cloud Tasks Emulator {"metadata":{"emulator":{"name":"tasks"},"message":"Stopping Cloud Tasks Emulator"}}
[info] i  hub: Stopping emulator hub {"metadata":{"emulator":{"name":"hub"},"message":"Stopping emulator hub"}}
[info] i  logging: Stopping Logging Emulator {"metadata":{"emulator":{"name":"logging"},"message":"Stopping Logging Emulator"}}
[debug] [2025-04-06T10:21:09.692Z] Could not find VSCode notification endpoint: FetchError: request to http://localhost:40001/vscode/notify failed, reason: . If you are not running the Firebase Data Connect VSCode extension, this is expected and not an issue.
